<?xml version="1.0" encoding="UTF-8"?>
<testsuite xmlns:xsi="http://www.w3.org/2001/XMLSchema-instance" xsi:noNamespaceSchemaLocation="https://maven.apache.org/surefire/maven-surefire-plugin/xsd/surefire-test-report-3.0.xsd" version="3.0" name="com.example.springclinic.SpringClinicApplicationTests" time="4.647" tests="1" errors="0" skipped="0" failures="0">
  <properties>
[...]
</properties>
  <testcase name="contextLoads" classname="com.example.springclinic.SpringClinicApplicationTests" time="0.012">
    <system-out><![CDATA[01:34:06.670 [main] DEBUG org.springframework.test.context.BootstrapUtils - Instantiating CacheAwareContextLoaderDelegate from class [org.springframework.test.context.cache.DefaultCacheAwareContextLoaderDelegate]
01:34:06.672 [main] DEBUG org.springframework.test.context.BootstrapUtils - Instantiating BootstrapContext using constructor [public org.springframework.test.context.support.DefaultBootstrapContext(java.lang.Class,org.springframework.test.context.CacheAwareContextLoaderDelegate)]
01:34:06.679 [main] DEBUG org.springframework.test.context.BootstrapUtils - Instantiating TestContextBootstrapper for test class [com.example.springclinic.SpringClinicApplicationTests] from class [org.springframework.boot.test.context.SpringBootTestContextBootstrapper]
01:34:06.688 [main] INFO org.springframework.boot.test.context.SpringBootTestContextBootstrapper - Neither @ContextConfiguration nor @ContextHierarchy found for test class [com.example.springclinic.SpringClinicApplicationTests], using SpringBootContextLoader
01:34:06.691 [main] DEBUG org.springframework.test.context.support.AbstractContextLoader - Did not detect default resource location for test class [com.example.springclinic.SpringClinicApplicationTests]: class path resource [com/example/springclinic/SpringClinicApplicationTests-context.xml] does not exist
01:34:06.691 [main] DEBUG org.springframework.test.context.support.AbstractContextLoader - Did not detect default resource location for test class [com.example.springclinic.SpringClinicApplicationTests]: class path resource [com/example/springclinic/SpringClinicApplicationTestsContext.groovy] does not exist
01:34:06.691 [main] INFO org.springframework.test.context.support.AbstractContextLoader - Could not detect default resource locations for test class [com.example.springclinic.SpringClinicApplicationTests]: no resource found for suffixes {-context.xml, Context.groovy}.
01:34:06.692 [main] INFO org.springframework.test.context.support.AnnotationConfigContextLoaderUtils - Could not detect default configuration classes for test class [com.example.springclinic.SpringClinicApplicationTests]: SpringClinicApplicationTests does not declare any static, non-private, non-final, nested classes annotated with @Configuration.
01:34:06.727 [main] DEBUG org.springframework.test.context.support.ActiveProfilesUtils - Could not find an 'annotation declaring class' for annotation type [org.springframework.test.context.ActiveProfiles] and class [com.example.springclinic.SpringClinicApplicationTests]
01:34:06.778 [main] DEBUG org.springframework.context.annotation.ClassPathScanningCandidateComponentProvider - Identified candidate component class: file [D:\JavaWorkspace2021Eclipse\spring-clinic\clinic-web\target\classes\com\example\springclinic\SpringClinicApplication.class]
01:34:06.779 [main] INFO org.springframework.boot.test.context.SpringBootTestContextBootstrapper - Found @SpringBootConfiguration com.example.springclinic.SpringClinicApplication for test class com.example.springclinic.SpringClinicApplicationTests
01:34:06.824 [main] DEBUG org.springframework.boot.test.context.SpringBootTestContextBootstrapper - @TestExecutionListeners is not present for class [com.example.springclinic.SpringClinicApplicationTests]: using defaults.
01:34:06.825 [main] INFO org.springframework.boot.test.context.SpringBootTestContextBootstrapper - Loaded default TestExecutionListener class names from location [META-INF/spring.factories]: [org.springframework.boot.test.mock.mockito.MockitoTestExecutionListener, org.springframework.boot.test.mock.mockito.ResetMocksTestExecutionListener, org.springframework.boot.test.autoconfigure.restdocs.RestDocsTestExecutionListener, org.springframework.boot.test.autoconfigure.web.client.MockRestServiceServerResetTestExecutionListener, org.springframework.boot.test.autoconfigure.web.servlet.MockMvcPrintOnlyOnFailureTestExecutionListener, org.springframework.boot.test.autoconfigure.web.servlet.WebDriverTestExecutionListener, org.springframework.boot.test.autoconfigure.webservices.client.MockWebServiceServerTestExecutionListener, org.springframework.test.context.web.ServletTestExecutionListener, org.springframework.test.context.support.DirtiesContextBeforeModesTestExecutionListener, org.springframework.test.context.event.ApplicationEventsTestExecutionListener, org.springframework.test.context.support.DependencyInjectionTestExecutionListener, org.springframework.test.context.support.DirtiesContextTestExecutionListener, org.springframework.test.context.transaction.TransactionalTestExecutionListener, org.springframework.test.context.jdbc.SqlScriptsTestExecutionListener, org.springframework.test.context.event.EventPublishingTestExecutionListener]
01:34:06.841 [main] INFO org.springframework.boot.test.context.SpringBootTestContextBootstrapper - Using TestExecutionListeners: [org.springframework.test.context.web.ServletTestExecutionListener@1abebef3, org.springframework.test.context.support.DirtiesContextBeforeModesTestExecutionListener@18f55704, org.springframework.test.context.event.ApplicationEventsTestExecutionListener@67cefd84, org.springframework.boot.test.mock.mockito.MockitoTestExecutionListener@5fbe155, org.springframework.boot.test.autoconfigure.SpringBootDependencyInjectionTestExecutionListener@6add8e3f, org.springframework.test.context.support.DirtiesContextTestExecutionListener@58a2b917, org.springframework.test.context.transaction.TransactionalTestExecutionListener@48904d5a, org.springframework.test.context.jdbc.SqlScriptsTestExecutionListener@12bbfc54, org.springframework.test.context.event.EventPublishingTestExecutionListener@1491344a, org.springframework.boot.test.mock.mockito.ResetMocksTestExecutionListener@59b65dce, org.springframework.boot.test.autoconfigure.restdocs.RestDocsTestExecutionListener@1386313f, org.springframework.boot.test.autoconfigure.web.client.MockRestServiceServerResetTestExecutionListener@5e922647, org.springframework.boot.test.autoconfigure.web.servlet.MockMvcPrintOnlyOnFailureTestExecutionListener@433c6abb, org.springframework.boot.test.autoconfigure.web.servlet.WebDriverTestExecutionListener@288f173f, org.springframework.boot.test.autoconfigure.webservices.client.MockWebServiceServerTestExecutionListener@a22c4d8]
01:34:06.844 [main] DEBUG org.springframework.test.context.support.AbstractDirtiesContextTestExecutionListener - Before test class: context [DefaultTestContext@39e69ea7 testClass = SpringClinicApplicationTests, testInstance = [null], testMethod = [null], testException = [null], mergedContextConfiguration = [WebMergedContextConfiguration@490c7a83 testClass = SpringClinicApplicationTests, locations = '{}', classes = '{class com.example.springclinic.SpringClinicApplication}', contextInitializerClasses = '[]', activeProfiles = '{}', propertySourceLocations = '{}', propertySourceProperties = '{org.springframework.boot.test.context.SpringBootTestContextBootstrapper=true}', contextCustomizers = set[org.springframework.boot.test.context.filter.ExcludeFilterContextCustomizer@1687eb01, org.springframework.boot.test.json.DuplicateJsonObjectContextCustomizerFactory$DuplicateJsonObjectContextCustomizer@d5d5353, org.springframework.boot.test.mock.mockito.MockitoContextCustomizer@0, org.springframework.boot.test.web.client.TestRestTemplateContextCustomizer@60c8a093, org.springframework.boot.test.autoconfigure.actuate.metrics.MetricsExportContextCustomizerFactory$DisableMetricExportContextCustomizer@75d982d3, org.springframework.boot.test.autoconfigure.properties.PropertyMappingContextCustomizer@0, org.springframework.boot.test.autoconfigure.web.servlet.WebDriverContextCustomizerFactory$Customizer@56637cff, org.springframework.boot.test.context.SpringBootTestArgs@1, org.springframework.boot.test.context.SpringBootTestWebEnvironment@6c40365c], resourceBasePath = 'src/main/webapp', contextLoader = 'org.springframework.boot.test.context.SpringBootContextLoader', parent = [null]], attributes = map['org.springframework.test.context.web.ServletTestExecutionListener.activateListener' -> true]], class annotated with @DirtiesContext [false] with mode [null].
01:34:06.872 [main] DEBUG org.springframework.test.context.support.TestPropertySourceUtils - Adding inlined properties to environment: {spring.jmx.enabled=false, org.springframework.boot.test.context.SpringBootTestContextBootstrapper=true}


                                                    
                                                    
                @@    @.      @@    @               
               @        @    @        @             
              @          @  @          @            
              @          @  @          @            
              :@        @   &#        @             
       @@#@@@   @     #@      @     @@   @8  @@     
     @       *@                        @        @   
    @         o8                      @          @  
    @          @        @@@@@@        @          @  
    @         @     @@          @     &8        @   
     8@      @    @*              @     @      @    
        *@@     @8                  @               
               @                     .@             
              @                        @            
              @                        @            
               @@*   @@@#:**&@@@8   @@              
                                                    
                                                    

2021-06-23 01:34:07.511  INFO 26564 --- [           main] c.e.s.SpringClinicApplicationTests       : Starting SpringClinicApplicationTests using Java 11.0.11 on DESKTOP-8CQ246T with PID 26564 (started by Tianyi Zhou in D:\JavaWorkspace2021Eclipse\spring-clinic\clinic-web)
2021-06-23 01:34:07.512  INFO 26564 --- [           main] c.e.s.SpringClinicApplicationTests       : The following profiles are active: springdatajpa
2021-06-23 01:34:08.253  INFO 26564 --- [           main] .s.d.r.c.RepositoryConfigurationDelegate : Bootstrapping Spring Data JPA repositories in DEFAULT mode.
2021-06-23 01:34:08.299  INFO 26564 --- [           main] .s.d.r.c.RepositoryConfigurationDelegate : Finished Spring Data repository scanning in 40 ms. Found 6 JPA repository interfaces.
2021-06-23 01:34:08.575  INFO 26564 --- [           main] trationDelegate$BeanPostProcessorChecker : Bean 'management.metrics-org.springframework.boot.actuate.autoconfigure.metrics.MetricsProperties' of type [org.springframework.boot.actuate.autoconfigure.metrics.MetricsProperties] is not eligible for getting processed by all BeanPostProcessors (for example: not eligible for auto-proxying)
2021-06-23 01:34:08.576  INFO 26564 --- [           main] trationDelegate$BeanPostProcessorChecker : Bean 'org.springframework.boot.actuate.autoconfigure.metrics.data.RepositoryMetricsAutoConfiguration' of type [org.springframework.boot.actuate.autoconfigure.metrics.data.RepositoryMetricsAutoConfiguration] is not eligible for getting processed by all BeanPostProcessors (for example: not eligible for auto-proxying)
2021-06-23 01:34:08.579  INFO 26564 --- [           main] trationDelegate$BeanPostProcessorChecker : Bean 'org.springframework.boot.actuate.autoconfigure.metrics.export.simple.SimpleMetricsExportAutoConfiguration' of type [org.springframework.boot.actuate.autoconfigure.metrics.export.simple.SimpleMetricsExportAutoConfiguration] is not eligible for getting processed by all BeanPostProcessors (for example: not eligible for auto-proxying)
2021-06-23 01:34:08.582  INFO 26564 --- [           main] trationDelegate$BeanPostProcessorChecker : Bean 'management.metrics.export.simple-org.springframework.boot.actuate.autoconfigure.metrics.export.simple.SimpleProperties' of type [org.springframework.boot.actuate.autoconfigure.metrics.export.simple.SimpleProperties] is not eligible for getting processed by all BeanPostProcessors (for example: not eligible for auto-proxying)
2021-06-23 01:34:08.586  INFO 26564 --- [           main] trationDelegate$BeanPostProcessorChecker : Bean 'simpleConfig' of type [org.springframework.boot.actuate.autoconfigure.metrics.export.simple.SimplePropertiesConfigAdapter] is not eligible for getting processed by all BeanPostProcessors (for example: not eligible for auto-proxying)
2021-06-23 01:34:08.589  INFO 26564 --- [           main] trationDelegate$BeanPostProcessorChecker : Bean 'org.springframework.boot.actuate.autoconfigure.metrics.MetricsAutoConfiguration' of type [org.springframework.boot.actuate.autoconfigure.metrics.MetricsAutoConfiguration] is not eligible for getting processed by all BeanPostProcessors (for example: not eligible for auto-proxying)
2021-06-23 01:34:08.591  INFO 26564 --- [           main] trationDelegate$BeanPostProcessorChecker : Bean 'micrometerClock' of type [io.micrometer.core.instrument.Clock$1] is not eligible for getting processed by all BeanPostProcessors (for example: not eligible for auto-proxying)
2021-06-23 01:34:08.614  INFO 26564 --- [           main] trationDelegate$BeanPostProcessorChecker : Bean 'simpleMeterRegistry' of type [io.micrometer.core.instrument.simple.SimpleMeterRegistry] is not eligible for getting processed by all BeanPostProcessors (for example: not eligible for auto-proxying)
2021-06-23 01:34:08.619  INFO 26564 --- [           main] trationDelegate$BeanPostProcessorChecker : Bean 'repositoryTagsProvider' of type [org.springframework.boot.actuate.metrics.data.DefaultRepositoryTagsProvider] is not eligible for getting processed by all BeanPostProcessors (for example: not eligible for auto-proxying)
2021-06-23 01:34:08.620  INFO 26564 --- [           main] trationDelegate$BeanPostProcessorChecker : Bean 'metricsRepositoryMethodInvocationListener' of type [org.springframework.boot.actuate.metrics.data.MetricsRepositoryMethodInvocationListener] is not eligible for getting processed by all BeanPostProcessors (for example: not eligible for auto-proxying)
2021-06-23 01:34:08.764  INFO 26564 --- [           main] com.zaxxer.hikari.HikariDataSource       : HikariPool-1 - Starting...
2021-06-23 01:34:08.910  INFO 26564 --- [           main] com.zaxxer.hikari.HikariDataSource       : HikariPool-1 - Start completed.
2021-06-23 01:34:08.967  INFO 26564 --- [           main] o.hibernate.jpa.internal.util.LogHelper  : HHH000204: Processing PersistenceUnitInfo [name: default]
2021-06-23 01:34:09.011  INFO 26564 --- [           main] org.hibernate.Version                    : HHH000412: Hibernate ORM core version 5.4.31.Final
2021-06-23 01:34:09.051  INFO 26564 --- [           main] o.hibernate.annotations.common.Version   : HCANN000001: Hibernate Commons Annotations {5.1.2.Final}
2021-06-23 01:34:09.157  INFO 26564 --- [           main] org.hibernate.dialect.Dialect            : HHH000400: Using dialect: org.hibernate.dialect.H2Dialect
2021-06-23 01:34:09.632  INFO 26564 --- [           main] o.h.e.t.j.p.i.JtaPlatformInitiator       : HHH000490: Using JtaPlatform implementation: [org.hibernate.engine.transaction.jta.platform.internal.NoJtaPlatform]
2021-06-23 01:34:09.640  INFO 26564 --- [           main] j.LocalContainerEntityManagerFactoryBean : Initialized JPA EntityManagerFactory for persistence unit 'default'
2021-06-23 01:34:10.163  WARN 26564 --- [           main] JpaBaseConfiguration$JpaWebConfiguration : spring.jpa.open-in-view is enabled by default. Therefore, database queries may be performed during view rendering. Explicitly configure spring.jpa.open-in-view to disable this warning
2021-06-23 01:34:10.368  INFO 26564 --- [           main] o.s.b.a.w.s.WelcomePageHandlerMapping    : Adding welcome page template: index
2021-06-23 01:34:11.033  INFO 26564 --- [           main] o.s.b.a.e.web.EndpointLinksResolver      : Exposing 1 endpoint(s) beneath base path '/actuator'
2021-06-23 01:34:11.084  INFO 26564 --- [           main] c.e.s.SpringClinicApplicationTests       : Started SpringClinicApplicationTests in 4.208 seconds (JVM running for 5.927)
2021-06-23 01:34:11.120  INFO 26564 --- [           main] o.s.b.a.ApplicationAvailabilityBean      : Application availability state LivenessState changed to CORRECT
Loaded Owners...
Loaded Visit...
Loaded Vets...
2021-06-23 01:34:11.293  INFO 26564 --- [           main] o.s.b.a.ApplicationAvailabilityBean      : Application availability state ReadinessState changed to ACCEPTING_TRAFFIC
]]></system-out>
  </testcase>
</testsuite>